TN:
SF:src/server.js
FN:39,(anonymous_0)
FN:44,(anonymous_1)
FN:59,(anonymous_2)
FN:69,(anonymous_3)
FN:84,(anonymous_4)
FN:95,(anonymous_5)
FN:106,(anonymous_6)
FNF:7
FNH:7
FNDA:1,(anonymous_0)
FNDA:10,(anonymous_1)
FNDA:3,(anonymous_2)
FNDA:3,(anonymous_3)
FNDA:1,(anonymous_4)
FNDA:3,(anonymous_5)
FNDA:4,(anonymous_6)
DA:7,3
DA:9,3
DA:12,3
DA:13,3
DA:16,3
DA:34,3
DA:39,3
DA:40,1
DA:44,3
DA:45,10
DA:46,10
DA:47,10
DA:48,10
DA:49,10
DA:51,10
DA:52,10
DA:54,0
DA:59,3
DA:60,3
DA:61,3
DA:62,2
DA:64,1
DA:69,3
DA:70,3
DA:71,3
DA:75,3
DA:76,2
DA:78,0
DA:84,3
DA:85,1
DA:86,1
DA:87,1
DA:89,0
DA:90,0
DA:95,3
DA:96,3
DA:97,3
DA:98,3
DA:99,2
DA:101,0
DA:106,3
DA:107,4
DA:108,4
DA:109,4
DA:111,3
DA:112,3
DA:114,3
DA:116,0
DA:124,3
LF:49
LH:43
BRDA:48,0,0,2
BRDA:48,0,1,8
BRDA:49,1,0,2
BRDA:49,1,1,8
BRDA:75,2,0,1
BRDA:75,2,1,2
BRDA:98,3,0,1
BRDA:98,3,1,2
BRDA:109,4,0,1
BRDA:109,4,1,3
BRF:10
BRH:10
end_of_record
TN:
SF:src/models/Todo.js
FN:24,(anonymous_0)
FN:30,(anonymous_1)
FN:33,(anonymous_2)
FNF:3
FNH:3
FNDA:2,(anonymous_0)
FNDA:2,(anonymous_1)
FNDA:1,(anonymous_2)
DA:4,3
DA:24,3
DA:25,2
DA:26,2
DA:30,3
DA:31,2
DA:33,3
DA:34,1
LF:8
LH:8
BRDA:38,0,0,3
BRDA:38,0,1,1
BRF:2
BRH:2
end_of_record
TN:
SF:src/routes/posts.js
FN:5,(anonymous_0)
FNF:1
FNH:1
FNDA:4,(anonymous_0)
DA:3,3
DA:5,3
DA:6,4
DA:8,4
DA:10,4
DA:11,1
DA:14,3
DA:17,3
DA:18,1
DA:21,2
DA:22,1
DA:25,1
LF:12
LH:12
BRDA:10,0,0,1
BRDA:10,0,1,3
BRDA:10,1,0,4
BRDA:10,1,1,4
BRDA:17,2,0,1
BRDA:17,2,1,2
BRDA:21,3,0,1
BRDA:21,3,1,1
BRF:8
BRH:8
end_of_record
