TN:
SF:src/app.js
FN:8,(anonymous_0)
FNF:1
FNH:0
FNDA:0,(anonymous_0)
DA:4,0
DA:5,0
DA:8,0
DA:9,0
LF:4
LH:0
BRF:0
BRH:0
end_of_record
TN:
SF:src/server.js
FN:38,(anonymous_0)
FN:43,(anonymous_1)
FN:58,(anonymous_2)
FN:68,(anonymous_3)
FN:82,(anonymous_4)
FN:93,(anonymous_5)
FN:108,(anonymous_6)
FN:126,(anonymous_7)
FN:127,(anonymous_8)
FN:132,(anonymous_9)
FNF:10
FNH:7
FNDA:1,(anonymous_0)
FNDA:10,(anonymous_1)
FNDA:3,(anonymous_2)
FNDA:3,(anonymous_3)
FNDA:4,(anonymous_4)
FNDA:4,(anonymous_5)
FNDA:0,(anonymous_6)
FNDA:3,(anonymous_7)
FNDA:0,(anonymous_8)
FNDA:0,(anonymous_9)
DA:6,3
DA:8,3
DA:11,3
DA:12,3
DA:15,3
DA:33,3
DA:38,3
DA:39,1
DA:43,3
DA:44,10
DA:45,10
DA:46,10
DA:47,10
DA:48,10
DA:50,10
DA:51,10
DA:53,0
DA:58,3
DA:59,3
DA:60,3
DA:61,2
DA:63,1
DA:68,3
DA:69,3
DA:70,3
DA:74,3
DA:75,2
DA:77,0
DA:82,3
DA:83,4
DA:84,4
DA:85,3
DA:86,2
DA:88,1
DA:93,3
DA:94,4
DA:95,4
DA:96,4
DA:98,3
DA:99,3
DA:101,3
DA:103,0
DA:108,3
DA:109,0
DA:110,0
DA:111,0
DA:113,0
DA:121,3
DA:124,3
DA:126,3
DA:127,0
DA:130,3
DA:131,0
DA:132,0
LF:54
LH:44
BRDA:47,0,0,2
BRDA:47,0,1,8
BRDA:48,1,0,2
BRDA:48,1,1,8
BRDA:74,2,0,1
BRDA:74,2,1,2
BRDA:85,3,0,1
BRDA:85,3,1,2
BRDA:96,4,0,1
BRDA:96,4,1,3
BRDA:130,5,0,0
BRDA:130,5,1,3
BRDA:131,6,0,0
BRDA:131,6,1,0
BRF:14
BRH:11
end_of_record
TN:
SF:src/models/Todo.js
FN:24,(anonymous_0)
FN:30,(anonymous_1)
FN:33,(anonymous_2)
FNF:3
FNH:3
FNDA:2,(anonymous_0)
FNDA:2,(anonymous_1)
FNDA:1,(anonymous_2)
DA:4,3
DA:24,3
DA:25,2
DA:26,2
DA:30,3
DA:31,2
DA:33,3
DA:34,1
LF:8
LH:8
BRDA:38,0,0,3
BRDA:38,0,1,1
BRF:2
BRH:2
end_of_record
TN:
SF:src/routes/posts.js
FN:5,(anonymous_0)
FNF:1
FNH:1
FNDA:4,(anonymous_0)
DA:3,3
DA:5,3
DA:6,4
DA:8,4
DA:10,4
DA:11,1
DA:14,3
DA:17,3
DA:18,1
DA:21,2
DA:22,1
DA:25,1
DA:27,0
DA:28,0
LF:14
LH:12
BRDA:10,0,0,1
BRDA:10,0,1,3
BRDA:10,1,0,4
BRDA:10,1,1,4
BRDA:17,2,0,1
BRDA:17,2,1,2
BRDA:21,3,0,1
BRDA:21,3,1,1
BRF:8
BRH:8
end_of_record
